0 info it worked if it ends with ok
1 verbose cli [ '/usr/local/bin/node',
1 verbose cli   '/usr/local/bin/npm',
1 verbose cli   'install',
1 verbose cli   '-g',
1 verbose cli   'coffee-script' ]
2 info using npm@3.10.10
3 info using node@v6.10.2
4 silly loadCurrentTree Starting
5 silly install loadCurrentTree
6 silly install readGlobalPackageData
7 silly fetchPackageMetaData coffee-script
8 silly fetchNamedPackageData coffee-script
9 silly mapToRegistry name coffee-script
10 silly mapToRegistry using default registry
11 silly mapToRegistry registry https://registry.npmjs.org/
12 silly mapToRegistry data Result {
12 silly mapToRegistry   raw: 'coffee-script',
12 silly mapToRegistry   scope: null,
12 silly mapToRegistry   escapedName: 'coffee-script',
12 silly mapToRegistry   name: 'coffee-script',
12 silly mapToRegistry   rawSpec: '',
12 silly mapToRegistry   spec: 'latest',
12 silly mapToRegistry   type: 'tag' }
13 silly mapToRegistry uri https://registry.npmjs.org/coffee-script
14 verbose request uri https://registry.npmjs.org/coffee-script
15 verbose request no auth needed
16 info attempt registry request try #1 at 8:23:52 PM
17 verbose request id 01ac9886918e32d1
18 verbose etag W/"58efa540-d8ea"
19 verbose lastModified Thu, 13 Apr 2017 16:20:16 GMT
20 http request GET https://registry.npmjs.org/coffee-script
21 http 304 https://registry.npmjs.org/coffee-script
22 verbose headers { date: 'Thu, 20 Apr 2017 03:23:53 GMT',
22 verbose headers   via: '1.1 varnish',
22 verbose headers   'cache-control': 'max-age=300',
22 verbose headers   etag: 'W/"58efa540-d8ea"',
22 verbose headers   age: '290',
22 verbose headers   connection: 'keep-alive',
22 verbose headers   'x-served-by': 'cache-sjc3120-SJC',
22 verbose headers   'x-cache': 'HIT',
22 verbose headers   'x-cache-hits': '2',
22 verbose headers   'x-timer': 'S1492658633.200953,VS0,VE0',
22 verbose headers   vary: 'Accept-Encoding' }
23 silly get cb [ 304,
23 silly get   { date: 'Thu, 20 Apr 2017 03:23:53 GMT',
23 silly get     via: '1.1 varnish',
23 silly get     'cache-control': 'max-age=300',
23 silly get     etag: 'W/"58efa540-d8ea"',
23 silly get     age: '290',
23 silly get     connection: 'keep-alive',
23 silly get     'x-served-by': 'cache-sjc3120-SJC',
23 silly get     'x-cache': 'HIT',
23 silly get     'x-cache-hits': '2',
23 silly get     'x-timer': 'S1492658633.200953,VS0,VE0',
23 silly get     vary: 'Accept-Encoding' } ]
24 verbose etag https://registry.npmjs.org/coffee-script from cache
25 verbose get saving coffee-script to /home/hybotics/.npm/registry.npmjs.org/coffee-script/.cache.json
26 verbose correctMkdir /home/hybotics/.npm correctMkdir not in flight; initializing
27 silly install normalizeTree
28 silly loadCurrentTree Finishing
29 silly loadIdealTree Starting
30 silly install loadIdealTree
31 silly cloneCurrentTree Starting
32 silly install cloneCurrentTreeToIdealTree
33 silly cloneCurrentTree Finishing
34 silly loadShrinkwrap Starting
35 silly install loadShrinkwrap
36 silly loadShrinkwrap Finishing
37 silly loadAllDepsIntoIdealTree Starting
38 silly install loadAllDepsIntoIdealTree
39 silly resolveWithNewModule coffee-script@1.12.5 checking installable status
40 silly cache add args [ 'coffee-script', null ]
41 verbose cache add spec coffee-script
42 silly cache add parsed spec Result {
42 silly cache add   raw: 'coffee-script',
42 silly cache add   scope: null,
42 silly cache add   escapedName: 'coffee-script',
42 silly cache add   name: 'coffee-script',
42 silly cache add   rawSpec: '',
42 silly cache add   spec: 'latest',
42 silly cache add   type: 'tag' }
43 silly addNamed coffee-script@latest
44 verbose addNamed "latest" is being treated as a dist-tag for coffee-script
45 info addNameTag [ 'coffee-script', 'latest' ]
46 silly mapToRegistry name coffee-script
47 silly mapToRegistry using default registry
48 silly mapToRegistry registry https://registry.npmjs.org/
49 silly mapToRegistry data Result {
49 silly mapToRegistry   raw: 'coffee-script',
49 silly mapToRegistry   scope: null,
49 silly mapToRegistry   escapedName: 'coffee-script',
49 silly mapToRegistry   name: 'coffee-script',
49 silly mapToRegistry   rawSpec: '',
49 silly mapToRegistry   spec: 'latest',
49 silly mapToRegistry   type: 'tag' }
50 silly mapToRegistry uri https://registry.npmjs.org/coffee-script
51 verbose addNameTag registry:https://registry.npmjs.org/coffee-script not in flight; fetching
52 verbose get https://registry.npmjs.org/coffee-script not expired, no request
53 silly addNameTag next cb for coffee-script with tag latest
54 silly addNamed coffee-script@1.12.5
55 verbose addNamed "1.12.5" is a plain semver version for coffee-script
56 silly mapToRegistry name coffee-script
57 silly mapToRegistry using default registry
58 silly mapToRegistry registry https://registry.npmjs.org/
59 silly mapToRegistry data Result {
59 silly mapToRegistry   raw: 'coffee-script',
59 silly mapToRegistry   scope: null,
59 silly mapToRegistry   escapedName: 'coffee-script',
59 silly mapToRegistry   name: 'coffee-script',
59 silly mapToRegistry   rawSpec: '',
59 silly mapToRegistry   spec: 'latest',
59 silly mapToRegistry   type: 'tag' }
60 silly mapToRegistry uri https://registry.npmjs.org/coffee-script
61 verbose addRemoteTarball https://registry.npmjs.org/coffee-script/-/coffee-script-1.12.5.tgz not in flight; adding
62 verbose addRemoteTarball [ 'https://registry.npmjs.org/coffee-script/-/coffee-script-1.12.5.tgz',
62 verbose addRemoteTarball   '809f4585419112bbfe46a073ad7543af18c27346' ]
63 info retry fetch attempt 1 at 8:23:53 PM
64 info attempt registry request try #1 at 8:23:53 PM
65 http fetch GET https://registry.npmjs.org/coffee-script/-/coffee-script-1.12.5.tgz
66 http fetch 200 https://registry.npmjs.org/coffee-script/-/coffee-script-1.12.5.tgz
67 silly fetchAndShaCheck shasum 809f4585419112bbfe46a073ad7543af18c27346
68 verbose addTmpTarball /tmp/npm-4417-111cb5de/registry.npmjs.org/coffee-script/-/coffee-script-1.12.5.tgz not in flight; adding
69 verbose addTmpTarball already have metadata; skipping unpack for coffee-script@1.12.5
70 verbose correctMkdir /home/hybotics/.npm correctMkdir not in flight; initializing
71 silly cache afterAdd coffee-script@1.12.5
72 verbose afterAdd /home/hybotics/.npm/coffee-script/1.12.5/package/package.json not in flight; writing
73 verbose correctMkdir /home/hybotics/.npm correctMkdir not in flight; initializing
74 verbose afterAdd /home/hybotics/.npm/coffee-script/1.12.5/package/package.json written
75 silly loadAllDepsIntoIdealTree Finishing
76 silly loadIdealTree Finishing
77 silly currentTree lib
78 silly idealTree lib
78 silly idealTree └── coffee-script@1.12.5
79 silly generateActionsToTake Starting
80 silly install generateActionsToTake
81 warn checkPermissions Missing write access to /usr/local/lib/node_modules
82 silly rollbackFailedOptional Starting
83 silly rollbackFailedOptional Finishing
84 silly runTopLevelLifecycles Finishing
85 silly install printInstalled
86 verbose stack Error: EACCES: permission denied, access '/usr/local/lib/node_modules'
86 verbose stack     at Error (native)
87 verbose cwd /home/hybotics/Repos/Bitbucket/hybotics/Elixir/Programming_Phoenix/hello
88 error Linux 4.9.22-v7+
89 error argv "/usr/local/bin/node" "/usr/local/bin/npm" "install" "-g" "coffee-script"
90 error node v6.10.2
91 error npm  v3.10.10
92 error path /usr/local/lib/node_modules
93 error code EACCES
94 error errno -13
95 error syscall access
96 error Error: EACCES: permission denied, access '/usr/local/lib/node_modules'
96 error     at Error (native)
96 error  { Error: EACCES: permission denied, access '/usr/local/lib/node_modules'
96 error     at Error (native)
96 error   errno: -13,
96 error   code: 'EACCES',
96 error   syscall: 'access',
96 error   path: '/usr/local/lib/node_modules' }
97 error Please try running this command again as root/Administrator.
98 verbose exit [ -13, true ]
